0 verbose cli C:\Program Files (x86)\Nodist\v-x64\20.10.0\node.exe C:\Program Files (x86)\Nodist\npmv\10.2.3\bin\npm-cli.js
1 info using npm@10.2.3
2 info using node@v20.10.0
3 timing npm:load:whichnode Completed in 5ms
4 timing config:load:defaults Completed in 6ms
5 timing config:load:file:C:\Program Files (x86)\Nodist\npmv\10.2.3\npmrc Completed in 11ms
6 timing config:load:builtin Completed in 12ms
7 timing config:load:cli Completed in 4ms
8 timing config:load:env Completed in 3ms
9 timing config:load:file:C:\Users\26951\Desktop\Project\小狗许愿机\frontend\.npmrc Completed in 1ms
10 timing config:load:project Completed in 5ms
11 timing config:load:file:C:\Users\26951\.npmrc Completed in 5ms
12 timing config:load:user Completed in 6ms
13 timing config:load:file:C:\Program Files (x86)\Nodist\bin\etc\npmrc Completed in 2ms
14 timing config:load:global Completed in 2ms
15 timing config:load:setEnvs Completed in 2ms
16 timing config:load Completed in 42ms
17 timing npm:load:configload Completed in 43ms
18 timing config:load:flatten Completed in 7ms
19 timing npm:load:mkdirpcache Completed in 2ms
20 timing npm:load:mkdirplogs Completed in 2ms
21 verbose title npm run dev
22 verbose argv "run" "dev"
23 timing npm:load:setTitle Completed in 1ms
24 timing npm:load:display Completed in 1ms
25 verbose logfile logs-max:10 dir:C:\Users\26951\Desktop\Project\小狗许愿机\frontend\%USERPROFILE%\npm-cache\_logs\2025-07-26T16_10_14_430Z-
26 verbose logfile C:\Users\26951\Desktop\Project\小狗许愿机\frontend\%USERPROFILE%\npm-cache\_logs\2025-07-26T16_10_14_430Z-debug-0.log
27 timing npm:load:logFile Completed in 22ms
28 timing npm:load:timers Completed in 0ms
29 timing npm:load:configScope Completed in 0ms
30 timing npm:load Completed in 235ms
31 silly logfile done cleaning log files
32 timing command:run Completed in 790778ms
33 verbose exit 0
34 timing npm Completed in 791313ms
35 info ok
