0 verbose cli C:\Program Files (x86)\Nodist\v-x64\20.10.0\node.exe C:\Program Files (x86)\Nodist\npmv\10.2.3\bin\npm-cli.js
1 info using npm@10.2.3
2 info using node@v20.10.0
3 timing npm:load:whichnode Completed in 2ms
4 timing config:load:defaults Completed in 1ms
5 timing config:load:file:C:\Program Files (x86)\Nodist\npmv\10.2.3\npmrc Completed in 2ms
6 timing config:load:builtin Completed in 2ms
7 timing config:load:cli Completed in 1ms
8 timing config:load:env Completed in 1ms
9 timing config:load:file:C:\Users\26951\Desktop\Project\小狗许愿机\frontend\.npmrc Completed in 0ms
10 timing config:load:project Completed in 1ms
11 timing config:load:file:C:\Users\26951\.npmrc Completed in 1ms
12 timing config:load:user Completed in 2ms
13 timing config:load:file:C:\Program Files (x86)\Nodist\bin\etc\npmrc Completed in 0ms
14 timing config:load:global Completed in 0ms
15 timing config:load:setEnvs Completed in 0ms
16 timing config:load Completed in 8ms
17 timing npm:load:configload Completed in 8ms
18 timing config:load:flatten Completed in 1ms
19 timing npm:load:mkdirpcache Completed in 1ms
20 timing npm:load:mkdirplogs Completed in 0ms
21 verbose title npm install
22 verbose argv "install"
23 timing npm:load:setTitle Completed in 1ms
24 timing npm:load:display Completed in 0ms
25 verbose logfile logs-max:10 dir:C:\Users\26951\Desktop\Project\小狗许愿机\frontend\%USERPROFILE%\npm-cache\_logs\2025-07-26T16_03_31_823Z-
26 verbose logfile C:\Users\26951\Desktop\Project\小狗许愿机\frontend\%USERPROFILE%\npm-cache\_logs\2025-07-26T16_03_31_823Z-debug-0.log
27 timing npm:load:logFile Completed in 5ms
28 timing npm:load:timers Completed in 0ms
29 timing npm:load:configScope Completed in 0ms
30 timing npm:load Completed in 43ms
31 timing arborist:ctor Completed in 0ms
32 silly logfile done cleaning log files
33 timing arborist:ctor Completed in 0ms
34 timing idealTree:init Completed in 7ms
35 timing idealTree:userRequests Completed in 1ms
36 silly idealTree buildDeps
37 silly fetch manifest @hookform/resolvers@^3.9.1
38 http fetch GET 200 https://registry.npmjs.org/@hookform%2fresolvers 1564ms (cache miss)
39 silly fetch manifest react-hook-form@^7.54.1
40 http fetch GET 200 https://registry.npmjs.org/npm 1897ms (cache miss)
41 http fetch GET 200 https://registry.npmjs.org/react-hook-form 1257ms (cache miss)
42 silly fetch manifest react@^19
43 http fetch GET 200 https://registry.npmjs.org/react 2053ms (cache miss)
44 silly fetch manifest @radix-ui/react-accordion@1.2.2
45 http fetch GET 200 https://registry.npmjs.org/@radix-ui%2freact-accordion 459ms (cache miss)
46 silly fetch manifest @types/react@^19
47 http fetch GET 200 https://registry.npmjs.org/@types%2freact 700ms (cache miss)
48 silly fetch manifest @types/react-dom@^19
49 http fetch GET 200 https://registry.npmjs.org/@types%2freact-dom 326ms (cache miss)
50 silly fetch manifest react-dom@^19
51 http fetch GET 200 https://registry.npmjs.org/react-dom 1904ms (cache miss)
52 silly fetch manifest @radix-ui/react-alert-dialog@1.1.4
53 http fetch GET 200 https://registry.npmjs.org/@radix-ui%2freact-alert-dialog 384ms (cache miss)
54 silly fetch manifest @radix-ui/react-aspect-ratio@1.1.1
55 http fetch GET 200 https://registry.npmjs.org/@radix-ui%2freact-aspect-ratio 484ms (cache miss)
56 silly fetch manifest @radix-ui/react-avatar@1.1.2
57 http fetch GET 200 https://registry.npmjs.org/@radix-ui%2freact-avatar 354ms (cache miss)
58 silly fetch manifest @radix-ui/react-checkbox@1.1.3
59 http fetch GET 200 https://registry.npmjs.org/@radix-ui%2freact-checkbox 359ms (cache miss)
60 silly fetch manifest @radix-ui/react-collapsible@1.1.2
61 http fetch GET 200 https://registry.npmjs.org/@radix-ui%2freact-collapsible 395ms (cache miss)
62 silly fetch manifest @radix-ui/react-context-menu@2.2.4
63 http fetch GET 200 https://registry.npmjs.org/@radix-ui%2freact-context-menu 454ms (cache miss)
64 silly fetch manifest @radix-ui/react-dialog@1.1.4
65 http fetch GET 200 https://registry.npmjs.org/@radix-ui%2freact-dialog 383ms (cache miss)
66 silly fetch manifest @radix-ui/react-dropdown-menu@2.1.4
67 http fetch GET 200 https://registry.npmjs.org/@radix-ui%2freact-dropdown-menu 453ms (cache miss)
68 silly fetch manifest @radix-ui/react-hover-card@1.1.4
69 http fetch GET 200 https://registry.npmjs.org/@radix-ui%2freact-hover-card 418ms (cache miss)
70 silly fetch manifest @radix-ui/react-label@2.1.1
71 http fetch GET 200 https://registry.npmjs.org/@radix-ui%2freact-label 324ms (cache miss)
72 silly fetch manifest @radix-ui/react-menubar@1.1.4
73 http fetch GET 200 https://registry.npmjs.org/@radix-ui%2freact-menubar 216ms (cache miss)
74 silly fetch manifest @radix-ui/react-navigation-menu@1.2.3
75 http fetch GET 200 https://registry.npmjs.org/@radix-ui%2freact-navigation-menu 410ms (cache miss)
76 silly fetch manifest @radix-ui/react-popover@1.1.4
77 http fetch GET 200 https://registry.npmjs.org/@radix-ui%2freact-popover 423ms (cache miss)
78 silly fetch manifest @radix-ui/react-progress@1.1.1
79 http fetch GET 200 https://registry.npmjs.org/@radix-ui%2freact-progress 338ms (cache miss)
80 silly fetch manifest @radix-ui/react-radio-group@1.2.2
81 http fetch GET 200 https://registry.npmjs.org/@radix-ui%2freact-radio-group 339ms (cache miss)
82 silly fetch manifest @radix-ui/react-scroll-area@1.2.2
83 http fetch GET 200 https://registry.npmjs.org/@radix-ui%2freact-scroll-area 386ms (cache miss)
84 silly fetch manifest @radix-ui/react-select@2.1.4
85 http fetch GET 200 https://registry.npmjs.org/@radix-ui%2freact-select 1101ms (cache miss)
86 silly fetch manifest @radix-ui/react-separator@1.1.1
87 http fetch GET 200 https://registry.npmjs.org/@radix-ui%2freact-separator 443ms (cache miss)
88 silly fetch manifest @radix-ui/react-slider@1.2.2
89 http fetch GET 200 https://registry.npmjs.org/@radix-ui%2freact-slider 2212ms (cache miss)
90 silly fetch manifest @radix-ui/react-slot@1.1.1
91 http fetch GET 200 https://registry.npmjs.org/@radix-ui%2freact-slot 929ms (cache miss)
92 silly fetch manifest @radix-ui/react-switch@1.1.2
93 http fetch GET 200 https://registry.npmjs.org/@radix-ui%2freact-switch 6377ms (cache miss)
94 silly fetch manifest @radix-ui/react-tabs@1.1.2
95 http fetch GET 200 https://registry.npmjs.org/@radix-ui%2freact-tabs 2273ms (cache miss)
96 silly fetch manifest @radix-ui/react-toast@1.2.4
97 http fetch GET 200 https://registry.npmjs.org/@radix-ui%2freact-toast 2718ms (cache miss)
98 silly fetch manifest @radix-ui/react-toggle@1.1.1
99 http fetch GET 200 https://registry.npmjs.org/@radix-ui%2freact-toggle 772ms (cache miss)
100 silly fetch manifest @radix-ui/react-toggle-group@1.1.1
101 http fetch GET 200 https://registry.npmjs.org/@radix-ui%2freact-toggle-group 1459ms (cache miss)
102 silly fetch manifest @radix-ui/react-tooltip@1.1.6
103 http fetch GET 200 https://registry.npmjs.org/@radix-ui%2freact-tooltip 714ms (cache miss)
104 silly fetch manifest autoprefixer@^10.4.20
105 http fetch GET 200 https://registry.npmjs.org/autoprefixer 635ms (cache miss)
106 silly fetch manifest postcss@^8.5
107 http fetch GET 200 https://registry.npmjs.org/postcss 476ms (cache miss)
108 silly fetch manifest class-variance-authority@^0.7.1
109 http fetch GET 200 https://registry.npmjs.org/class-variance-authority 274ms (cache miss)
110 silly fetch manifest clsx@^2.1.1
111 http fetch GET 200 https://registry.npmjs.org/clsx 263ms (cache miss)
112 silly fetch manifest cmdk@1.0.4
113 http fetch GET 200 https://registry.npmjs.org/cmdk 249ms (cache miss)
114 silly fetch manifest date-fns@4.1.0
115 http fetch GET 200 https://registry.npmjs.org/date-fns 301ms (cache miss)
116 silly fetch manifest embla-carousel-react@8.5.1
117 http fetch GET 200 https://registry.npmjs.org/embla-carousel-react 404ms (cache miss)
118 silly fetch manifest geist@^1.3.1
119 http fetch GET 200 https://registry.npmjs.org/geist 275ms (cache miss)
120 silly fetch manifest next@15.2.4
121 http fetch GET 200 https://registry.npmjs.org/next 3218ms (cache miss)
122 silly fetch manifest @opentelemetry/api@^1.1.0
123 http fetch GET 200 https://registry.npmjs.org/@opentelemetry%2fapi 240ms (cache miss)
124 silly fetch manifest @playwright/test@^1.41.2
125 http fetch GET 200 https://registry.npmjs.org/@playwright%2ftest 1890ms (cache miss)
126 silly fetch manifest babel-plugin-react-compiler@*
127 http fetch GET 200 https://registry.npmjs.org/babel-plugin-react-compiler 324ms (cache miss)
128 silly fetch manifest sass@^1.3.0
129 http fetch GET 200 https://registry.npmjs.org/sass 370ms (cache miss)
130 silly fetch manifest input-otp@1.4.1
131 http fetch GET 200 https://registry.npmjs.org/input-otp 265ms (cache miss)
132 silly fetch manifest lucide-react@^0.454.0
133 http fetch GET 200 https://registry.npmjs.org/lucide-react 1011ms (cache miss)
134 silly fetch manifest next-themes@^0.4.4
135 http fetch GET 200 https://registry.npmjs.org/next-themes 509ms (cache miss)
136 silly fetch manifest react-day-picker@9.8.0
137 http fetch GET 200 https://registry.npmjs.org/react-day-picker 1222ms (cache miss)
138 silly fetch manifest react-resizable-panels@^2.1.7
139 http fetch GET 200 https://registry.npmjs.org/react-resizable-panels 637ms (cache miss)
140 silly fetch manifest recharts@2.15.0
141 http fetch GET 200 https://registry.npmjs.org/recharts 2250ms (cache miss)
142 silly fetch manifest sonner@^1.7.1
143 http fetch GET 200 https://registry.npmjs.org/sonner 441ms (cache miss)
144 silly fetch manifest tailwind-merge@^2.5.5
145 http fetch GET 200 https://registry.npmjs.org/tailwind-merge 2587ms (cache miss)
146 silly fetch manifest tailwindcss-animate@^1.0.7
147 http fetch GET 200 https://registry.npmjs.org/tailwindcss-animate 177ms (cache miss)
148 silly fetch manifest tailwindcss@^3.4.17
149 http fetch GET 200 https://registry.npmjs.org/tailwindcss 3579ms (cache miss)
150 silly fetch manifest vaul@^0.9.9
151 http fetch GET 200 https://registry.npmjs.org/vaul 275ms (cache miss)
152 silly fetch manifest react@^16.8 || ^17.0 || ^18.0
153 timing idealTree Completed in 56232ms
154 timing command:install Completed in 56268ms
155 notice
155 notice New [31mmajor[39m version of npm available! [31m10.2.3[39m -> [32m11.5.1[39m
155 notice Changelog: [36mhttps://github.com/npm/cli/releases/tag/v11.5.1[39m
155 notice Run [32mnpm install -g npm@11.5.1[39m to update!
155 notice
156 verbose stack Error: unable to resolve dependency tree
156 verbose stack     at #failPeerConflict (C:\Program Files (x86)\Nodist\npmv\10.2.3\node_modules\@npmcli\arborist\lib\arborist\build-ideal-tree.js:1376:25)
156 verbose stack     at #loadPeerSet (C:\Program Files (x86)\Nodist\npmv\10.2.3\node_modules\@npmcli\arborist\lib\arborist\build-ideal-tree.js:1342:33)
156 verbose stack     at async #buildDepStep (C:\Program Files (x86)\Nodist\npmv\10.2.3\node_modules\@npmcli\arborist\lib\arborist\build-ideal-tree.js:917:11)
156 verbose stack     at async Arborist.buildIdealTree (C:\Program Files (x86)\Nodist\npmv\10.2.3\node_modules\@npmcli\arborist\lib\arborist\build-ideal-tree.js:196:7)
156 verbose stack     at async Promise.all (index 1)
156 verbose stack     at async Arborist.reify (C:\Program Files (x86)\Nodist\npmv\10.2.3\node_modules\@npmcli\arborist\lib\arborist\reify.js:159:5)
156 verbose stack     at async Install.exec (C:\Program Files (x86)\Nodist\npmv\10.2.3\lib\commands\install.js:152:5)
156 verbose stack     at async module.exports (C:\Program Files (x86)\Nodist\npmv\10.2.3\lib\cli-entry.js:61:5)
157 verbose cwd C:\Users\26951\Desktop\Project\小狗许愿机\frontend
158 verbose Windows_NT 10.0.26100
159 verbose node v20.10.0
160 verbose npm  v10.2.3
161 error code ERESOLVE
162 error ERESOLVE unable to resolve dependency tree
163 error
164 error While resolving: [1mmy-v0-project[22m@[1m0.1.0[22m
164 error Found: [1mreact[22m@[1m19.1.0[22m[2m[22m
164 error [2mnode_modules/react[22m
164 error   [1mreact[22m@"[1m^19[22m" from the root project
164 error
164 error Could not resolve dependency:
164 error [35mpeer[39m [1mreact[22m@"[1m^16.8 || ^17.0 || ^18.0[22m" from [1mvaul[22m@[1m0.9.9[22m[2m[22m
164 error [2mnode_modules/vaul[22m
164 error   [1mvaul[22m@"[1m^0.9.9[22m" from the root project
164 error
164 error Fix the upstream dependency conflict, or retry
164 error this command with --force or --legacy-peer-deps
164 error to accept an incorrect (and potentially broken) dependency resolution.
165 error
165 error
165 error For a full report see:
165 error C:\Users\26951\Desktop\Project\小狗许愿机\frontend\%USERPROFILE%\npm-cache\_logs\2025-07-26T16_03_31_823Z-eresolve-report.txt
166 verbose exit 1
167 timing npm Completed in 56578ms
168 verbose unfinished npm timer reify 1753545812091
169 verbose unfinished npm timer reify:loadTrees 1753545812124
170 verbose unfinished npm timer idealTree:buildDeps 1753545812133
171 verbose unfinished npm timer idealTree:#root 1753545812133
172 verbose code 1
173 error A complete log of this run can be found in: C:\Users\26951\Desktop\Project\小狗许愿机\frontend\%USERPROFILE%\npm-cache\_logs\2025-07-26T16_03_31_823Z-debug-0.log
